1596486918813	geckodriver	INFO	Listening on 127.0.0.1:1567
1596486921857	mozrunner::runner	INFO	Running command: "C:\\Program Files\\Mozilla Firefox\\firefox.exe" "--marionette" "-foreground" "-no-remote" "-profile" "C:\\Users\\lee_c\\AppData\\Local\\Temp\\rust_mozprofileLs0ZVq"
JavaScript error: resource://gre/modules/XULStore.jsm, line 66: Error: Can't find profile directory.
console.error: SearchCache: "_readCacheFile: Error reading cache file:" (new Error("", "(unknown module)"))
1596486925170	Marionette	INFO	Listening on port 1576
1596486925484	Marionette	WARN	TLS certificate errors will be ignored for this session
1596486936680	Marionette	INFO	Stopped listening on port 1576

###!!! [Child][RunMessage] Error: Channel closing: too late to send/recv, messages will be lost


###!!! [Child][MessageChannel::SendAndWait] Error: Channel error: cannot send/recv

1596487337455	geckodriver	INFO	Listening on 127.0.0.1:1670
1596487340489	mozrunner::runner	INFO	Running command: "C:\\Program Files\\Mozilla Firefox\\firefox.exe" "--marionette" "-foreground" "-no-remote" "-profile" "C:\\Users\\lee_c\\AppData\\Local\\Temp\\rust_mozprofiley5cebQ"
JavaScript error: resource://gre/modules/XULStore.jsm, line 66: Error: Can't find profile directory.
console.error: SearchCache: "_readCacheFile: Error reading cache file:" (new Error("", "(unknown module)"))
1596487343960	Marionette	INFO	Listening on port 1678
1596487344106	Marionette	WARN	TLS certificate errors will be ignored for this session
1596494780635	Marionette	INFO	Stopped listening on port 1678

###!!! [Child][MessageChannel::SendAndWait] Error: Channel error: cannot send/recv

1596635337863	geckodriver	INFO	Listening on 127.0.0.1:11951
1596635340923	mozrunner::runner	INFO	Running command: "C:\\Program Files\\Mozilla Firefox\\firefox.exe" "--marionette" "-foreground" "-no-remote" "-profile" "C:\\Users\\lee_c\\AppData\\Local\\Temp\\rust_mozprofilecK4KLs"
JavaScript error: resource://gre/modules/XULStore.jsm, line 66: Error: Can't find profile directory.
console.error: SearchCache: "_readCacheFile: Error reading cache file:" (new Error("", "(unknown module)"))
1596635345799	Marionette	INFO	Listening on port 11959
1596635346139	Marionette	WARN	TLS certificate errors will be ignored for this session
1596655638700	Marionette	INFO	Stopped listening on port 11959

###!!! [Child][RunMessage] Error: Channel closing: too late to send/recv, messages will be lost


###!!! [Child][MessageChannel::SendAndWait] Error: Channel error: cannot send/recv

Temp\\rust_mozprofilef9gRF2"
JavaScript error: resource://gre/modules/XULStore.jsm, line 66: Error: Can't find profile directory.
console.error: SearchCache: "_readCacheFile: Error reading cache file:" (new Error("", "(unknown module)"))
1596640085631	Marionette	INFO	Listening on port 13034
1596640085906	Marionette	WARN	TLS certificate errors will be ignored for this session
1596655636232	Marionette	INFO	Stopped listening on port 13034

###!!! [Child][RunMessage] Error: Channel closing: too late to send/recv, messages will be lost


###!!! [Child][MessageChannel::SendAndWait] Error: Channel error: cannot send/recv

Temp\\rust_mozprofileas7XeH"
JavaScript error: resource://gre/modules/XULStore.jsm, line 66: Error: Can't find profile directory.
console.error: SearchCache: "_readCacheFile: Error reading cache file:" (new Error("", "(unknown module)"))
1596642222850	Marionette	INFO	Listening on port 13575
1596642222994	Marionette	WARN	TLS certificate errors will be ignored for this session
1596642223368	Marionette	INFO	Stopped listening on port 13575

###!!! [Child][RunMessage] Error: Channel closing: too late to send/recv, messages will be lost


###!!! [Child][MessageChannel::SendAndWait] Error: Channel error: cannot send/recv

1596655596639	geckodriver	INFO	Listening on 127.0.0.1:2053
1596655599679	mozrunner::runner	INFO	Running command: "C:\\Program Files\\Mozilla Firefox\\firefox.exe" "--marionette" "-foreground" "-no-remote" "-profile" "C:\\Users\\lee_c\\AppData\\Local\\Temp\\rust_mozprofileM12eOa"
JavaScript error: resource://gre/modules/XULStore.jsm, line 66: Error: Can't find profile directory.
console.error: SearchCache: "_readCacheFile: Error reading cache file:" (new Error("", "(unknown module)"))
1596655602648	Marionette	INFO	Listening on port 2061
1596655602795	Marionette	WARN	TLS certificate errors will be ignored for this session
1596655603187	Marionette	INFO	Stopped listening on port 2061

###!!! [Child][RunMessage] Error: Channel closing: too late to send/recv, messages will be lost


###!!! [Child][MessageChannel::SendAndWait] Error: Channel error: cannot send/recv

1596655644084	geckodriver	INFO	Listening on 127.0.0.1:2118
1596655647125	mozrunner::runner	INFO	Running command: "C:\\Program Files\\Mozilla Firefox\\firefox.exe" "--marionette" "-foreground" "-no-remote" "-profile" "C:\\Users\\lee_c\\AppData\\Local\\Temp\\rust_mozprofileqoFVWo"
JavaScript error: resource://gre/modules/XULStore.jsm, line 66: Error: Can't find profile directory.
console.error: SearchCache: "_readCacheFile: Error reading cache file:" (new Error("", "(unknown module)"))
1596655649839	Marionette	INFO	Listening on port 2127
1596655650236	Marionette	WARN	TLS certificate errors will be ignored for this session
1596655650609	Marionette	INFO	Stopped listening on port 2127
console.error: services.settings: 
  main/whats-new-panel Signature failed  TypeError: NetworkError when attempting to fetch resource.

###!!! [Child][RunMessage] Error: Channel closing: too late to send/recv, messages will be lost


###!!! [Child][MessageChannel::SendAndWait] Error: Channel error: cannot send/recv

1596655689965	geckodriver	INFO	Listening on 127.0.0.1:2180
1596655692985	mozrunner::runner	INFO	Running command: "C:\\Program Files\\Mozilla Firefox\\firefox.exe" "--marionette" "-foreground" "-no-remote" "-profile" "C:\\Users\\lee_c\\AppData\\Local\\Temp\\rust_mozprofilepqjUJk"
JavaScript error: resource://gre/modules/XULStore.jsm, line 66: Error: Can't find profile directory.
console.error: SearchCache: "_readCacheFile: Error reading cache file:" (new Error("", "(unknown module)"))
1596655695808	Marionette	INFO	Listening on port 2188
1596655696111	Marionette	WARN	TLS certificate errors will be ignored for this session
1596655696491	Marionette	INFO	Stopped listening on port 2188

###!!! [Child][RunMessage] Error: Channel closing: too late to send/recv, messages will be lost


###!!! [Child][MessageChannel::SendAndWait] Error: Channel error: cannot send/recv

1596655828034	geckodriver	INFO	Listening on 127.0.0.1:2257
1596655831086	mozrunner::runner	INFO	Running command: "C:\\Program Files\\Mozilla Firefox\\firefox.exe" "--marionette" "-foreground" "-no-remote" "-profile" "C:\\Users\\lee_c\\AppData\\Local\\Temp\\rust_mozprofileGKHYlz"
JavaScript error: resource://gre/modules/XULStore.jsm, line 66: Error: Can't find profile directory.
console.error: SearchCache: "_readCacheFile: Error reading cache file:" (new Error("", "(unknown module)"))
1596655833903	Marionette	INFO	Listening on port 2268
1596655834201	Marionette	WARN	TLS certificate errors will be ignored for this session
1596655840758	Marionette	INFO	Stopped listening on port 2268

###!!! [Child][RunMessage] Error: Channel closing: too late to send/recv, messages will be lost


###!!! [Child][MessageChannel::SendAndWait] Error: Channel error: cannot send/recv

1596655856223	geckodriver	INFO	Listening on 127.0.0.1:2321
1596655859244	mozrunner::runner	INFO	Running command: "C:\\Program Files\\Mozilla Firefox\\firefox.exe" "--marionette" "-foreground" "-no-remote" "-profile" "C:\\Users\\lee_c\\AppData\\Local\\Temp\\rust_mozprofile99eon4"
JavaScript error: resource://gre/modules/XULStore.jsm, line 66: Error: Can't find profile directory.
console.error: SearchCache: "_readCacheFile: Error reading cache file:" (new Error("", "(unknown module)"))
1596655862157	Marionette	INFO	Listening on port 2329
1596655862354	Marionette	WARN	TLS certificate errors will be ignored for this session
1596655868894	Marionette	INFO	Stopped listening on port 2329

###!!! [Child][RunMessage] Error: Channel closing: too late to send/recv, messages will be lost


###!!! [Child][MessageChannel::SendAndWait] Error: Channel error: cannot send/recv

1596656711091	geckodriver	INFO	Listening on 127.0.0.1:2475
1596656714116	mozrunner::runner	INFO	Running command: "C:\\Program Files\\Mozilla Firefox\\firefox.exe" "--marionette" "-foreground" "-no-remote" "-profile" "C:\\Users\\lee_c\\AppData\\Local\\Temp\\rust_mozprofileL9DInQ"
JavaScript error: resource://gre/modules/XULStore.jsm, line 66: Error: Can't find profile directory.
console.error: SearchCache: "_readCacheFile: Error reading cache file:" (new Error("", "(unknown module)"))
1596656717091	Marionette	INFO	Listening on port 2483
1596656717232	Marionette	WARN	TLS certificate errors will be ignored for this session
1596656717635	Marionette	INFO	Stopped listening on port 2483

###!!! [Child][MessageChannel::SendAndWait] Error: Channel error: cannot send/recv

1596656730954	geckodriver	INFO	Listening on 127.0.0.1:2532
1596656733985	mozrunner::runner	INFO	Running command: "C:\\Program Files\\Mozilla Firefox\\firefox.exe" "--marionette" "-foreground" "-no-remote" "-profile" "C:\\Users\\lee_c\\AppData\\Local\\Temp\\rust_mozprofile4GJXar"
JavaScript error: resource://gre/modules/XULStore.jsm, line 66: Error: Can't find profile directory.
console.error: SearchCache: "_readCacheFile: Error reading cache file:" (new Error("", "(unknown module)"))
1596656736750	Marionette	INFO	Listening on port 2540
1596656737096	Marionette	WARN	TLS certificate errors will be ignored for this session
1596656737487	Marionette	INFO	Stopped listening on port 2540
JavaScript error: resource://gre/modules/UrlClassifierListManager.jsm, line 691: TypeError: this.tablesData[table] is undefined

###!!! [Child][RunMessage] Error: Channel closing: too late to send/recv, messages will be lost


###!!! [Child][MessageChannel::SendAndWait] Error: Channel error: cannot send/recv

1596656762135	geckodriver	INFO	Listening on 127.0.0.1:2589
1596656765157	mozrunner::runner	INFO	Running command: "C:\\Program Files\\Mozilla Firefox\\firefox.exe" "--marionette" "-foreground" "-no-remote" "-profile" "C:\\Users\\lee_c\\AppData\\Local\\Temp\\rust_mozprofileXnRsr9"
JavaScript error: resource://gre/modules/XULStore.jsm, line 66: Error: Can't find profile directory.
console.error: SearchCache: "_readCacheFile: Error reading cache file:" (new Error("", "(unknown module)"))
1596656768430	Marionette	INFO	Listening on port 2599
1596656768771	Marionette	WARN	TLS certificate errors will be ignored for this session
1596656769165	Marionette	INFO	Stopped listening on port 2599

###!!! [Child][RunMessage] Error: Channel closing: too late to send/recv, messages will be lost


###!!! [Child][MessageChannel::SendAndWait] Error: Channel error: cannot send/recv

1597089578895	geckodriver	INFO	Listening on 127.0.0.1:1683
1597089581938	mozrunner::runner	INFO	Running command: "C:\\Program Files\\Mozilla Firefox\\firefox.exe" "--marionette" "-foreground" "-no-remote" "-profile" "C:\\Users\\lee_c\\AppData\\Local\\Temp\\rust_mozprofileDjYLkl"
JavaScript error: resource://gre/modules/XULStore.jsm, line 66: Error: Can't find profile directory.
console.error: SearchCache: "_readCacheFile: Error reading cache file:" (new Error("", "(unknown module)"))
1597089585007	Marionette	INFO	Listening on port 1691
1597089585061	Marionette	WARN	TLS certificate errors will be ignored for this session
1597089585432	Marionette	INFO	Stopped listening on port 1691

###!!! [Child][RunMessage] Error: Channel closing: too late to send/recv, messages will be lost


###!!! [Child][MessageChannel::SendAndWait] Error: Channel error: cannot send/recv

1597089751475	geckodriver	INFO	Listening on 127.0.0.1:1780
1597089754519	mozrunner::runner	INFO	Running command: "C:\\Program Files\\Mozilla Firefox\\firefox.exe" "--marionette" "-foreground" "-no-remote" "-profile" "C:\\Users\\lee_c\\AppData\\Local\\Temp\\rust_mozprofilevkqvcZ"
JavaScript error: resource://gre/modules/XULStore.jsm, line 66: Error: Can't find profile directory.
console.error: SearchCache: "_readCacheFile: Error reading cache file:" (new Error("", "(unknown module)"))
1597089757340	Marionette	INFO	Listening on port 1788
1597089757645	Marionette	WARN	TLS certificate errors will be ignored for this session
1597090003902	geckodriver	INFO	Listening on 127.0.0.1:1880
1597090006953	mozrunner::runner	INFO	Running command: "C:\\Program Files\\Mozilla Firefox\\firefox.exe" "--marionette" "-foreground" "-no-remote" "-profile" "C:\\Users\\lee_c\\AppData\\Local\\Temp\\rust_mozprofilewySstK"
JavaScript error: resource://gre/modules/XULStore.jsm, line 66: Error: Can't find profile directory.
console.error: SearchCache: "_readCacheFile: Error reading cache file:" (new Error("", "(unknown module)"))
1597090009922	Marionette	INFO	Listening on port 1888
1597090010064	Marionette	WARN	TLS certificate errors will be ignored for this session
1597090030600	geckodriver	INFO	Listening on 127.0.0.1:1936
1597090033631	mozrunner::runner	INFO	Running command: "C:\\Program Files\\Mozilla Firefox\\firefox.exe" "--marionette" "-foreground" "-no-remote" "-profile" "C:\\Users\\lee_c\\AppData\\Local\\Temp\\rust_mozprofileTN9MVD"
JavaScript error: resource://gre/modules/XULStore.jsm, line 66: Error: Can't find profile directory.
console.error: SearchCache: "_readCacheFile: Error reading cache file:" (new Error("", "(unknown module)"))
1597090036559	Marionette	INFO	Listening on port 1944
1597090036746	Marionette	WARN	TLS certificate errors will be ignored for this session
1597091550712	geckodriver	INFO	Listening on 127.0.0.1:2332
1597091553752	mozrunner::runner	INFO	Running command: "C:\\Program Files\\Mozilla Firefox\\firefox.exe" "--marionette" "-foreground" "-no-remote" "-profile" "C:\\Users\\lee_c\\AppData\\Local\\Temp\\rust_mozprofileRJcJHs"
JavaScript error: resource://gre/modules/XULStore.jsm, line 66: Error: Can't find profile directory.
console.error: SearchCache: "_readCacheFile: Error reading cache file:" (new Error("", "(unknown module)"))
1597091556711	Marionette	INFO	Listening on port 2340
1597091556864	Marionette	WARN	TLS certificate errors will be ignored for this session
1597091605548	Marionette	INFO	Stopped listening on port 2340

###!!! [Child][RunMessage] Error: Channel closing: too late to send/recv, messages will be lost


###!!! [Child][MessageChannel::SendAndWait] Error: Channel error: cannot send/recv

Temp\\rust_mozprofilenvPeYc"
JavaScript error: resource://gre/modules/XULStore.jsm, line 66: Error: Can't find profile directory.
console.error: SearchCache: "_readCacheFile: Error reading cache file:" (new Error("", "(unknown module)"))
1597091600310	Marionette	INFO	Listening on port 2404
1597091600737	Marionette	WARN	TLS certificate errors will be ignored for this session
1597091601139	Marionette	INFO	Stopped listening on port 2404
JavaScript error: resource://gre/modules/UrlClassifierListManager.jsm, line 691: TypeError: this.tablesData[table] is undefined

###!!! [Child][RunMessage] Error: Channel closing: too late to send/recv, messages will be lost


###!!! [Child][MessageChannel::SendAndWait] Error: Channel error: cannot send/recv

1597091617797	geckodriver	INFO	Listening on 127.0.0.1:2455
1597091620840	mozrunner::runner	INFO	Running command: "C:\\Program Files\\Mozilla Firefox\\firefox.exe" "--marionette" "-foreground" "-no-remote" "-profile" "C:\\Users\\lee_c\\AppData\\Local\\Temp\\rust_mozprofilebQ2EkD"
JavaScript error: resource://gre/modules/XULStore.jsm, line 66: Error: Can't find profile directory.
console.error: SearchCache: "_readCacheFile: Error reading cache file:" (new Error("", "(unknown module)"))
1597091623572	Marionette	INFO	Listening on port 2463
1597091623960	Marionette	WARN	TLS certificate errors will be ignored for this session
1597091624346	Marionette	INFO	Stopped listening on port 2463

###!!! [Child][RunMessage] Error: Channel closing: too late to send/recv, messages will be lost


###!!! [Child][MessageChannel::SendAndWait] Error: Channel error: cannot send/recv

1597091764446	geckodriver	INFO	Listening on 127.0.0.1:2541
1597091767497	mozrunner::runner	INFO	Running command: "C:\\Program Files\\Mozilla Firefox\\firefox.exe" "--marionette" "-foreground" "-no-remote" "-profile" "C:\\Users\\lee_c\\AppData\\Local\\Temp\\rust_mozprofileDKDGaP"
JavaScript error: resource://gre/modules/XULStore.jsm, line 66: Error: Can't find profile directory.
console.error: SearchCache: "_readCacheFile: Error reading cache file:" (new Error("", "(unknown module)"))
1597091770456	Marionette	INFO	Listening on port 2550
1597091770608	Marionette	WARN	TLS certificate errors will be ignored for this session
JavaScript error: resource://gre/actors/AutoCompleteChild.jsm, line 208: Error: Invalid autocomplete selectedIndex
1597091772072	Marionette	INFO	Stopped listening on port 2550

###!!! [Child][MessageChannel::SendAndWait] Error: Channel error: cannot send/recv

